INFO	2023-06-11 16:05:41,263	1	DAO.impl.PacienteDAO	[main]	......Preparando el listado de pacientes.....
INFO	2023-06-11 16:06:16,453	0	DAO.impl.PacienteDAO	[main]	......Preparando el listado de pacientes.....
INFO	2023-06-11 16:06:59,846	0	DAO.impl.PacienteDAO	[main]	......Preparando el listado de pacientes.....
DEBUG	2023-06-11 16:07:00,515	669	DAO.impl.PacienteDAO	[main]	[Paciente{id=1, nombre='Gustavo', apellido='Santos', domicilio='Av. Burgos 123', DNI=22222222, fechaAlta=2022-02-02}, Paciente{id=3, nombre='Esteban', apellido='Camejo', domicilio='Treinta y Tres 123', DNI=44444444, fechaAlta=2021-01-01}, Paciente{id=4, nombre='Esteban', apellido='Camejo', domicilio='Treinta y Tres 123', DNI=44444444, fechaAlta=2021-01-01}]
DEBUG	2023-06-11 16:07:00,534	688	DAO.impl.PacienteDAO	[main]	Se está guardando un paciente en la base
DEBUG	2023-06-11 16:07:00,542	696	DAO.impl.PacienteDAO	[main]	Se guardan los datos Nombre: Esteban, Apellido: Camejo, Domicilio: Treinta y Tres 123, DNI: 44444444, Fecha de Alta: 2021-01-01
INFO	2023-06-11 16:07:00,552	706	DAO.impl.PacienteDAO	[main]	......Preparando el listado de pacientes.....
DEBUG	2023-06-11 16:07:00,555	709	DAO.impl.PacienteDAO	[main]	[Paciente{id=1, nombre='Gustavo', apellido='Santos', domicilio='Av. Burgos 123', DNI=22222222, fechaAlta=2022-02-02}, Paciente{id=3, nombre='Esteban', apellido='Camejo', domicilio='Treinta y Tres 123', DNI=44444444, fechaAlta=2021-01-01}, Paciente{id=4, nombre='Esteban', apellido='Camejo', domicilio='Treinta y Tres 123', DNI=44444444, fechaAlta=2021-01-01}, Paciente{id=5, nombre='Esteban', apellido='Camejo', domicilio='Treinta y Tres 123', DNI=44444444, fechaAlta=2021-01-01}]
INFO	2023-06-11 16:07:00,558	712	DAO.impl.PacienteDAO	[main]	......Preparando el listado de pacientes.....
DEBUG	2023-06-11 16:07:00,561	715	DAO.impl.PacienteDAO	[main]	[Paciente{id=1, nombre='Gustavo', apellido='Santos', domicilio='Av. Burgos 123', DNI=22222222, fechaAlta=2022-02-02}, Paciente{id=3, nombre='Esteban', apellido='Camejo', domicilio='Treinta y Tres 123', DNI=44444444, fechaAlta=2021-01-01}, Paciente{id=4, nombre='Esteban', apellido='Camejo', domicilio='Treinta y Tres 123', DNI=44444444, fechaAlta=2021-01-01}, Paciente{id=5, nombre='Esteban', apellido='Camejo', domicilio='Treinta y Tres 123', DNI=44444444, fechaAlta=2021-01-01}]
INFO	2023-06-11 16:08:17,850	0	DAO.impl.PacienteDAO	[main]	......Preparando el listado de pacientes.....
DEBUG	2023-06-11 16:08:18,746	896	DAO.impl.PacienteDAO	[main]	[Paciente{id=1, nombre='Gustavo', apellido='Santos', domicilio='Av. Burgos 123', DNI=22222222, fechaAlta=2022-02-02}, Paciente{id=3, nombre='Esteban', apellido='Camejo', domicilio='Treinta y Tres 123', DNI=44444444, fechaAlta=2021-01-01}, Paciente{id=4, nombre='Esteban', apellido='Camejo', domicilio='Treinta y Tres 123', DNI=44444444, fechaAlta=2021-01-01}, Paciente{id=5, nombre='Esteban', apellido='Camejo', domicilio='Treinta y Tres 123', DNI=44444444, fechaAlta=2021-01-01}]
DEBUG	2023-06-11 16:08:18,752	902	DAO.impl.PacienteDAO	[main]	Se está guardando un paciente en la base
DEBUG	2023-06-11 16:08:18,761	911	DAO.impl.PacienteDAO	[main]	Se guardan los datos Nombre: Esteban, Apellido: Camejo, Domicilio: Treinta y Tres 123, DNI: 44444444, Fecha de Alta: 2021-01-01
INFO	2023-06-11 16:08:18,768	918	DAO.impl.PacienteDAO	[main]	......Preparando el listado de pacientes.....
DEBUG	2023-06-11 16:08:18,771	921	DAO.impl.PacienteDAO	[main]	[Paciente{id=1, nombre='Gustavo', apellido='Santos', domicilio='Av. Burgos 123', DNI=22222222, fechaAlta=2022-02-02}, Paciente{id=3, nombre='Esteban', apellido='Camejo', domicilio='Treinta y Tres 123', DNI=44444444, fechaAlta=2021-01-01}, Paciente{id=4, nombre='Esteban', apellido='Camejo', domicilio='Treinta y Tres 123', DNI=44444444, fechaAlta=2021-01-01}, Paciente{id=5, nombre='Esteban', apellido='Camejo', domicilio='Treinta y Tres 123', DNI=44444444, fechaAlta=2021-01-01}, Paciente{id=6, nombre='Esteban', apellido='Camejo', domicilio='Treinta y Tres 123', DNI=44444444, fechaAlta=2021-01-01}]
INFO	2023-06-11 16:08:18,774	924	DAO.impl.PacienteDAO	[main]	......Preparando el listado de pacientes.....
DEBUG	2023-06-11 16:08:18,777	927	DAO.impl.PacienteDAO	[main]	[Paciente{id=1, nombre='Gustavo', apellido='Santos', domicilio='Av. Burgos 123', DNI=22222222, fechaAlta=2022-02-02}, Paciente{id=3, nombre='Esteban', apellido='Camejo', domicilio='Treinta y Tres 123', DNI=44444444, fechaAlta=2021-01-01}, Paciente{id=4, nombre='Esteban', apellido='Camejo', domicilio='Treinta y Tres 123', DNI=44444444, fechaAlta=2021-01-01}, Paciente{id=5, nombre='Esteban', apellido='Camejo', domicilio='Treinta y Tres 123', DNI=44444444, fechaAlta=2021-01-01}, Paciente{id=6, nombre='Esteban', apellido='Camejo', domicilio='Treinta y Tres 123', DNI=44444444, fechaAlta=2021-01-01}]
INFO	2023-06-11 16:09:15,710	0	DAO.impl.PacienteDAO	[main]	......Preparando el listado de pacientes.....
DEBUG	2023-06-11 16:09:16,254	544	DAO.impl.PacienteDAO	[main]	[Paciente{id=1, nombre='Gustavo', apellido='Santos', domicilio='Av. Burgos 123', DNI=22222222, fechaAlta=2022-02-02}, Paciente{id=3, nombre='Esteban', apellido='Camejo', domicilio='Treinta y Tres 123', DNI=44444444, fechaAlta=2021-01-01}, Paciente{id=4, nombre='Esteban', apellido='Camejo', domicilio='Treinta y Tres 123', DNI=44444444, fechaAlta=2021-01-01}, Paciente{id=5, nombre='Esteban', apellido='Camejo', domicilio='Treinta y Tres 123', DNI=44444444, fechaAlta=2021-01-01}, Paciente{id=6, nombre='Esteban', apellido='Camejo', domicilio='Treinta y Tres 123', DNI=44444444, fechaAlta=2021-01-01}]
DEBUG	2023-06-11 16:09:16,263	553	DAO.impl.PacienteDAO	[main]	Se está guardando un paciente en la base
DEBUG	2023-06-11 16:09:16,278	568	DAO.impl.PacienteDAO	[main]	Se guardan los datos Nombre: Esteban, Apellido: Camejo, Domicilio: Treinta y Tres 123, DNI: 44444444, Fecha de Alta: 2021-01-01
INFO	2023-06-11 16:09:16,286	576	DAO.impl.PacienteDAO	[main]	......Preparando el listado de pacientes.....
DEBUG	2023-06-11 16:09:16,290	580	DAO.impl.PacienteDAO	[main]	[Paciente{id=1, nombre='Gustavo', apellido='Santos', domicilio='Av. Burgos 123', DNI=22222222, fechaAlta=2022-02-02}, Paciente{id=3, nombre='Esteban', apellido='Camejo', domicilio='Treinta y Tres 123', DNI=44444444, fechaAlta=2021-01-01}, Paciente{id=4, nombre='Esteban', apellido='Camejo', domicilio='Treinta y Tres 123', DNI=44444444, fechaAlta=2021-01-01}, Paciente{id=5, nombre='Esteban', apellido='Camejo', domicilio='Treinta y Tres 123', DNI=44444444, fechaAlta=2021-01-01}, Paciente{id=6, nombre='Esteban', apellido='Camejo', domicilio='Treinta y Tres 123', DNI=44444444, fechaAlta=2021-01-01}, Paciente{id=7, nombre='Esteban', apellido='Camejo', domicilio='Treinta y Tres 123', DNI=44444444, fechaAlta=2021-01-01}]
INFO	2023-06-11 16:09:16,294	584	DAO.impl.PacienteDAO	[main]	......Preparando el listado de pacientes.....
DEBUG	2023-06-11 16:09:16,299	589	DAO.impl.PacienteDAO	[main]	[Paciente{id=1, nombre='Gustavo', apellido='Santos', domicilio='Av. Burgos 123', DNI=22222222, fechaAlta=2022-02-02}, Paciente{id=3, nombre='Esteban', apellido='Camejo', domicilio='Treinta y Tres 123', DNI=44444444, fechaAlta=2021-01-01}, Paciente{id=4, nombre='Esteban', apellido='Camejo', domicilio='Treinta y Tres 123', DNI=44444444, fechaAlta=2021-01-01}, Paciente{id=5, nombre='Esteban', apellido='Camejo', domicilio='Treinta y Tres 123', DNI=44444444, fechaAlta=2021-01-01}, Paciente{id=6, nombre='Esteban', apellido='Camejo', domicilio='Treinta y Tres 123', DNI=44444444, fechaAlta=2021-01-01}, Paciente{id=7, nombre='Esteban', apellido='Camejo', domicilio='Treinta y Tres 123', DNI=44444444, fechaAlta=2021-01-01}]
